<?xml version="1.1" encoding="UTF-8"?>
<testsuite name="StorageIntegrationTest" tests="16" failures="0" errors="0" timestamp="2014-05-08T01:09:00" hostname="Christians-MacBook-Pro.local" time="19.461">
  <properties/>
  <testcase name="CreateShouldThrowInvalidField" classname="StorageIntegrationTest" time="1.127"/>
  <testcase name="ShouldCreateMessage" classname="StorageIntegrationTest" time="1.24"/>
  <testcase name="ShouldCreateObjectWhenCallSAVE" classname="StorageIntegrationTest" time="1.017"/>
  <testcase name="ShouldCreatePrivateMessage" classname="StorageIntegrationTest" time="1.226"/>
  <testcase name="ShouldCreatePublicMessage" classname="StorageIntegrationTest" time="1.233"/>
  <testcase name="ShouldCreatePublicObjectWhenCallSAVE" classname="StorageIntegrationTest" time="1.243"/>
  <testcase name="ShouldDeleteMessage" classname="StorageIntegrationTest" time="1.532"/>
  <testcase name="ShouldDropCollection" classname="StorageIntegrationTest" time="1.635"/>
  <testcase name="ShouldGetAllObjects" classname="StorageIntegrationTest" time="1.151"/>
  <testcase name="ShouldGetMessage" classname="StorageIntegrationTest" time="1.21"/>
  <testcase name="ShouldQueryObject" classname="StorageIntegrationTest" time="1.323"/>
  <testcase name="ShouldQueryObjectAndReturnRequestedValues" classname="StorageIntegrationTest" time="0.973"/>
  <testcase name="ShouldUpdateObject" classname="StorageIntegrationTest" time="0.987"/>
  <testcase name="ShouldUpdateObjectWhenCallSave" classname="StorageIntegrationTest" time="1.113"/>
  <testcase name="UpdateObjectShouldReturnConflict" classname="StorageIntegrationTest" time="1.222"/>
  <testcase name="UpdateObjectShouldReturnException" classname="StorageIntegrationTest" time="1.223"/>
  <system-out><![CDATA[updated: {"_id":"536ad93cb64adbdb11000036","value":"updated","_metadata":{"createdOn":"2014-05-08T01:09:16.224Z","creationTTL":"2014-05-08T01:09:16.224Z","createdBy":"Contoso Admin","isPrivate":true,"sync":1,"updatedOn":"2014-05-08T01:09:16.224Z","updatedBy":"Contoso Admin"}}updated response: {
  "_id": "536ad93cb64adbdb11000036",
  "_metadata": {
    "createdBy": "Contoso Admin",
    "createdOn": "2014-05-08T01:09:16.224Z",
    "updatedBy": "Contoso Admin",
    "updatedOn": "2014-05-08T01:09:16.240Z",
    "sync": 2,
    "isPrivate": true,
    "creationTTL": "2014-05-08T01:09:16.224Z",
    "updateTTL": "2014-05-08T01:09:16.240Z"
  }
}
]]></system-out>
  <system-err><![CDATA[]]></system-err>
</testsuite>
