<?xml version="1.1" encoding="UTF-8"?>
<testsuite name="FileIntegrationTest" tests="4" failures="0" errors="0" timestamp="2014-05-08T01:07:34" hostname="Christians-MacBook-Pro.local" time="5.519">
  <properties/>
  <testcase name="ShouldAddInputStreamToFiles" classname="FileIntegrationTest" time="1.835"/>
  <testcase name="ShouldBrowseFiles" classname="FileIntegrationTest" time="1.226"/>
  <testcase name="ShouldGetFile" classname="FileIntegrationTest" time="1.224"/>
  <testcase name="ShouldRemoveFile" classname="FileIntegrationTest" time="1.233"/>
  <system-out><![CDATA[....]]></system-out>
  <system-err><![CDATA[]]></system-err>
</testsuite>
