<?xml version="1.1" encoding="UTF-8"?>
<testsuite name="IdentityManagerTests" tests="6" failures="0" errors="0" timestamp="2014-05-08T01:07:39" hostname="Christians-MacBook-Pro.local" time="63.538">
  <properties/>
  <testcase name="ShouldAuthenticateApplication" classname="IdentityManagerTests" time="60.009"/>
  <testcase name="ShouldAuthenticateUser" classname="IdentityManagerTests" time="2.643"/>
  <testcase name="ShouldFailAuthenticateApplication" classname="IdentityManagerTests" time="0.023"/>
  <testcase name="ShouldFailAuthenticateUser" classname="IdentityManagerTests" time="0.841"/>
  <testcase name="ShouldPullApplicationIdentityFromCache" classname="IdentityManagerTests" time="0.012"/>
  <testcase name="ShouldPullUserIdentityFromCache" classname="IdentityManagerTests" time="0.009"/>
  <system-out><![CDATA[]]></system-out>
  <system-err><![CDATA[java.lang.Exception: Invalid Response (Http StatusCode = 400). Body : {
  "traceId": "63a10a01-ced4-4496-8ecd-68e14b0f33ac",
  "stack": [
    "Error: Missing client_secret argument.",
    "    at Function.Error.create (/Users/christian/sources/kidozen/kido-solution/marketplace/node_modules/simple-errors/index.js:20:12)",
    "    at Function.Error.http (/Users/christian/sources/kidozen/kido-solution/marketplace/node_modules/simple-errors/index.js:58:18)",
    "    at module.exports.hook (/Users/christian/sources/kidozen/kido-solution/marketplace/lib/auth/endpoints/oauth20.js:31:15)",
    "    at callbacks (/Users/christian/sources/kidozen/kido-solution/marketplace/node_modules/express/lib/router/index.js:160:37)",
    "    at param (/Users/christian/sources/kidozen/kido-solution/marketplace/node_modules/express/lib/router/index.js:134:11)",
    "    at pass (/Users/christian/sources/kidozen/kido-solution/marketplace/node_modules/express/lib/router/index.js:141:5)",
    "    at Router._dispatch (/Users/christian/sources/kidozen/kido-solution/marketplace/node_modules/express/lib/router/index.js:169:5)",
    "    at Object.router (/Users/christian/sources/kidozen/kido-solution/marketplace/node_modules/express/lib/router/index.js:32:10)",
    "    at next (/Users/christian/sources/kidozen/kido-solution/marketplace/node_modules/express/node_modules/connect/lib/proto.js:190:15)",
    "    at Object.static (/Users/christian/sources/kidozen/kido-solution/marketplace/node_modules/express/node_modules/connect/lib/middleware/static.js:55:61)",
    "    at next (/Users/christian/sources/kidozen/kido-solution/marketplace/node_modules/express/node_modules/connect/lib/proto.js:190:15)",
    "    at Object.module.exports [as handle] (/Users/christian/sources/kidozen/kido-solution/marketplace/node_modules/express/node_modules/connect/lib/middleware/compress.js:145:5)",
    "    at next (/Users/christian/sources/kidozen/kido-solution/marketplace/node_modules/express/node_modules/connect/lib/proto.js:190:15)",
    "    at exports.Rack.Rack.handle.handle (/Users/christian/sources/kidozen/kido-solution/marketplace/node_modules/asset-rack/compiled/rack.js:106:16)",
    "    at Rack.exports.Rack.Rack.handle (/Users/christian/sources/kidozen/kido-solution/marketplace/node_modules/asset-rack/compiled/rack.js:109:16)",
    "    at Object.app.use.fn [as handle] (/Users/christian/sources/kidozen/kido-solution/marketplace/node_modules/express/node_modules/connect/lib/proto.js:74:14)",
    "    at next (/Users/christian/sources/kidozen/kido-solution/marketplace/node_modules/express/node_modules/connect/lib/proto.js:190:15)",
    "    at Object.module.exports [as handle] (/Users/christian/sources/kidozen/kido-solution/marketplace/lib/auth/authorizationManager.js:4:3)",
    "    at next (/Users/christian/sources/kidozen/kido-solution/marketplace/node_modules/express/node_modules/connect/lib/proto.js:190:15)",
    "    at Object.middleware [as handle] (/Users/christian/sources/kidozen/kido-solution/marketplace/lib/user/integrateUser.js:16:23)",
    "    at next (/Users/christian/sources/kidozen/kido-solution/marketplace/node_modules/express/node_modules/connect/lib/proto.js:190:15)",
    "    at Object.claimsAuthorizationHandler [as handle] (/Users/christian/sources/kidozen/kido-solution/auth/lib/web/claimsAuthorization.js:8:13)",
    "    at next (/Users/christian/sources/kidozen/kido-solution/marketplace/node_modules/express/node_modules/connect/lib/proto.js:190:15)",
    "    at Object.middleware [as handle] (/Users/christian/sources/kidozen/kido-solution/auth/lib/protocols/wsFederationAuthentication.js:22:13)",
    "    at next (/Users/christian/sources/kidozen/kido-solution/marketplace/node_modules/express/node_modules/connect/lib/proto.js:190:15)",
    "    at Object.middleware [as handle] (/Users/christian/sources/kidozen/kido-solution/auth/lib/protocols/activeCallAuthentication.js:35:9)",
    "    at next (/Users/christian/sources/kidozen/kido-solution/marketplace/node_modules/express/node_modules/connect/lib/proto.js:190:15)",
    "    at Object.sessionAuthentication [as handle] (/Users/christian/sources/kidozen/kido-solution/auth/lib/web/sessionAuthentication.js:7:34)",
    "    at next (/Users/christian/sources/kidozen/kido-solution/marketplace/node_modules/express/node_modules/connect/lib/proto.js:190:15)",
    "    at Object.requestSetup [as handle] (/Users/christian/sources/kidozen/kido-solution/auth/lib/web/requestSetup.js:13:9)",
    "    at next (/Users/christian/sources/kidozen/kido-solution/marketplace/node_modules/express/node_modules/connect/lib/proto.js:190:15)",
    "    at Object.security [as handle] (/Users/christian/sources/kidozen/kido-solution/marketplace/lib/tenants/tenantDashboard.iced:302:14)",
    "    at next (/Users/christian/sources/kidozen/kido-solution/marketplace/node_modules/express/node_modules/connect/lib/proto.js:190:15)",
    "    at Object.session [as handle] (/Users/christian/sources/kidozen/kido-solution/marketplace/node_modules/express/node_modules/connect/lib/middleware/session.js:298:7)",
    "    at next (/Users/christian/sources/kidozen/kido-solution/marketplace/node_modules/express/node_modules/connect/lib/proto.js:190:15)",
    "    at Object.cookieParser [as handle] (/Users/christian/sources/kidozen/kido-solution/marketplace/node_modules/express/node_modules/connect/lib/middleware/cookieParser.js:60:5)",
    "    at next (/Users/christian/sources/kidozen/kido-solution/marketplace/node_modules/express/node_modules/connect/lib/proto.js:190:15)",
    "    at Object.ajaxFileUpload [as handle] (/Users/christian/sources/kidozen/kido-solution/marketplace/lib/tenants/tenantDashboard.iced:309:14)",
    "    at next (/Users/christian/sources/kidozen/kido-solution/marketplace/node_modules/express/node_modules/connect/lib/proto.js:190:15)",
    "    at addTenantAndTenantDB (/Users/christian/sources/kidozen/kido-solution/marketplace/lib/tenants/tenantDashboard.iced:351:16)",
    "    at module.exports (/Users/christian/sources/kidozen/kido-solution/marketplace/lib/util/callback.js:11:3)",
    "    at getDbFromTenantOrConnectionString (/Users/christian/sources/kidozen/kido-solution/marketplace/lib/backend/mongoDb/index.js:28:3)",
    "    at getDb (/Users/christian/sources/kidozen/kido-solution/marketplace/lib/backend/mongoDb/index.js:71:3)",
    "    at getDbFromTenantOrConnectionString (/Users/christian/sources/kidozen/kido-solution/marketplace/lib/backend/mongoDb/index.js:27:9)",
    "    at Object.addTenantAndTenantDB [as handle] (/Users/christian/sources/kidozen/kido-solution/marketplace/lib/tenants/tenantDashboard.iced:346:14)",
    "    at next (/Users/christian/sources/kidozen/kido-solution/marketplace/node_modules/express/node_modules/connect/lib/proto.js:190:15)",
    "    at multipart (/Users/christian/sources/kidozen/kido-solution/marketplace/node_modules/express/node_modules/connect/lib/middleware/multipart.js:60:27)",
    "    at module.exports (/Users/christian/sources/kidozen/kido-solution/marketplace/node_modules/express/node_modules/connect/lib/middleware/bodyParser.js:57:9)",
    "    at urlencoded (/Users/christian/sources/kidozen/kido-solution/marketplace/node_modules/express/node_modules/connect/lib/middleware/urlencoded.js:48:27)",
    "    at module.exports (/Users/christian/sources/kidozen/kido-solution/marketplace/node_modules/express/node_modules/connect/lib/middleware/bodyParser.js:55:7)",
    "    at IncomingMessage.module.exports (/Users/christian/sources/kidozen/kido-solution/marketplace/node_modules/express/node_modules/connect/lib/middleware/json.js:70:11)",
    "    at IncomingMessage.EventEmitter.emit (events.js:93:17)",
    "    at IncomingMessage._emitEnd (http.js:366:10)",
    "    at HTTPParser.parserOnMessageComplete [as onMessageComplete] (http.js:149:23)",
    "    at Socket.socket.ondata (http.js:1704:22)",
    "    at TCP.onread (net.js:403:27)"
  ],
  "error": "Missing client_secret argument."
}

	at kidozen.client.authentication.IdentityManager$KeyIdentity.getTokenForApplication(IdentityManager.java:393)
	at kidozen.client.authentication.IdentityManager$KeyIdentity.doInBackground(IdentityManager.java:371)
	at kidozen.client.authentication.IdentityManager$KeyIdentity.doInBackground(IdentityManager.java:368)
	at android.os.ShadowAsyncTaskBridge.doInBackground(ShadowAsyncTaskBridge.java:14)
	at org.robolectric.shadows.ShadowAsyncTask$BackgroundWorker.call(ShadowAsyncTask.java:149)
	at org.robolectric.util.SimpleFuture.run(SimpleFuture.java:52)
	at org.robolectric.shadows.ShadowAsyncTask$2.run(ShadowAsyncTask.java:95)
	at org.robolectric.util.Scheduler.postDelayed(Scheduler.java:37)
	at org.robolectric.util.Scheduler.post(Scheduler.java:42)
	at org.robolectric.shadows.ShadowAsyncTask.execute(ShadowAsyncTask.java:92)
	at sun.reflect.GeneratedMethodAccessor21.invoke(Unknown Source)
	at sun.reflect.DelegatingMethodAccessorImpl.invoke(DelegatingMethodAccessorImpl.java:43)
	at java.lang.reflect.Method.invoke(Method.java:606)
	at org.robolectric.bytecode.ShadowWrangler$ShadowMethodPlan.run(ShadowWrangler.java:456)
	at android.os.AsyncTask.execute(AsyncTask.java)
	at kidozen.client.authentication.IdentityManager.Authenticate(IdentityManager.java:171)
	at IdentityManagerTests.ShouldFailAuthenticateApplication(IdentityManagerTests.java:144)
	at sun.reflect.NativeMethodAccessorImpl.invoke0(Native Method)
	at sun.reflect.NativeMethodAccessorImpl.invoke(NativeMethodAccessorImpl.java:57)
	at sun.reflect.DelegatingMethodAccessorImpl.invoke(DelegatingMethodAccessorImpl.java:43)
	at java.lang.reflect.Method.invoke(Method.java:606)
	at org.junit.runners.model.FrameworkMethod$1.runReflectiveCall(FrameworkMethod.java:47)
	at org.junit.internal.runners.model.ReflectiveCallable.run(ReflectiveCallable.java:12)
	at org.junit.runners.model.FrameworkMethod.invokeExplosively(FrameworkMethod.java:44)
	at org.junit.internal.runners.statements.InvokeMethod.evaluate(InvokeMethod.java:17)
	at org.junit.internal.runners.statements.RunBefores.evaluate(RunBefores.java:26)
	at org.robolectric.RobolectricTestRunner$2.evaluate(RobolectricTestRunner.java:234)
	at org.junit.runners.ParentRunner.runLeaf(ParentRunner.java:271)
	at org.junit.runners.BlockJUnit4ClassRunner.runChild(BlockJUnit4ClassRunner.java:70)
	at org.junit.runners.BlockJUnit4ClassRunner.runChild(BlockJUnit4ClassRunner.java:50)
	at org.junit.runners.ParentRunner$3.run(ParentRunner.java:238)
	at org.junit.runners.ParentRunner$1.schedule(ParentRunner.java:63)
	at org.junit.runners.ParentRunner.runChildren(ParentRunner.java:236)
	at org.junit.runners.ParentRunner.access$000(ParentRunner.java:53)
	at org.junit.runners.ParentRunner$2.evaluate(ParentRunner.java:229)
	at org.robolectric.RobolectricTestRunner$1.evaluate(RobolectricTestRunner.java:175)
	at org.junit.runners.ParentRunner.run(ParentRunner.java:309)
	at org.gradle.api.internal.tasks.testing.junit.JUnitTestClassExecuter.runTestClass(JUnitTestClassExecuter.java:86)
	at org.gradle.api.internal.tasks.testing.junit.JUnitTestClassExecuter.execute(JUnitTestClassExecuter.java:49)
	at org.gradle.api.internal.tasks.testing.junit.JUnitTestClassProcessor.processTestClass(JUnitTestClassProcessor.java:69)
	at org.gradle.api.internal.tasks.testing.SuiteTestClassProcessor.processTestClass(SuiteTestClassProcessor.java:50)
	at sun.reflect.NativeMethodAccessorImpl.invoke0(Native Method)
	at sun.reflect.NativeMethodAccessorImpl.invoke(NativeMethodAccessorImpl.java:57)
	at sun.reflect.DelegatingMethodAccessorImpl.invoke(DelegatingMethodAccessorImpl.java:43)
	at java.lang.reflect.Method.invoke(Method.java:606)
	at org.gradle.messaging.dispatch.ReflectionDispatch.dispatch(ReflectionDispatch.java:35)
	at org.gradle.messaging.dispatch.ReflectionDispatch.dispatch(ReflectionDispatch.java:24)
	at org.gradle.messaging.dispatch.ContextClassLoaderDispatch.dispatch(ContextClassLoaderDispatch.java:32)
	at org.gradle.messaging.dispatch.ProxyDispatchAdapter$DispatchingInvocationHandler.invoke(ProxyDispatchAdapter.java:93)
	at com.sun.proxy.$Proxy2.processTestClass(Unknown Source)
	at org.gradle.api.internal.tasks.testing.worker.TestWorker.processTestClass(TestWorker.java:103)
	at sun.reflect.NativeMethodAccessorImpl.invoke0(Native Method)
	at sun.reflect.NativeMethodAccessorImpl.invoke(NativeMethodAccessorImpl.java:57)
	at sun.reflect.DelegatingMethodAccessorImpl.invoke(DelegatingMethodAccessorImpl.java:43)
	at java.lang.reflect.Method.invoke(Method.java:606)
	at org.gradle.messaging.dispatch.ReflectionDispatch.dispatch(ReflectionDispatch.java:35)
	at org.gradle.messaging.dispatch.ReflectionDispatch.dispatch(ReflectionDispatch.java:24)
	at org.gradle.messaging.remote.internal.hub.MessageHub$Handler.run(MessageHub.java:355)
	at org.gradle.internal.concurrent.DefaultExecutorFactory$StoppableExecutorImpl$1.run(DefaultExecutorFactory.java:64)
	at java.util.concurrent.ThreadPoolExecutor.runWorker(ThreadPoolExecutor.java:1145)
	at java.util.concurrent.ThreadPoolExecutor$Worker.run(ThreadPoolExecutor.java:615)
	at java.lang.Thread.run(Thread.java:745)
java.lang.Exception: Invalid user, password or scope (Http Status Code = 403) . Body : 
	at kidozen.client.authentication.WRAPv09IdentityProvider.RequestToken(WRAPv09IdentityProvider.java:80)
	at kidozen.client.authentication.IdentityManager$FederatedIdentity.getFederatedToken(IdentityManager.java:347)
	at kidozen.client.authentication.IdentityManager$FederatedIdentity.doInBackground(IdentityManager.java:333)
	at kidozen.client.authentication.IdentityManager$FederatedIdentity.doInBackground(IdentityManager.java:319)
	at android.os.ShadowAsyncTaskBridge.doInBackground(ShadowAsyncTaskBridge.java:14)
	at org.robolectric.shadows.ShadowAsyncTask$BackgroundWorker.call(ShadowAsyncTask.java:149)
	at org.robolectric.util.SimpleFuture.run(SimpleFuture.java:52)
	at org.robolectric.shadows.ShadowAsyncTask$2.run(ShadowAsyncTask.java:95)
	at org.robolectric.util.Scheduler.postDelayed(Scheduler.java:37)
	at org.robolectric.util.Scheduler.post(Scheduler.java:42)
	at org.robolectric.shadows.ShadowAsyncTask.execute(ShadowAsyncTask.java:92)
	at sun.reflect.GeneratedMethodAccessor21.invoke(Unknown Source)
	at sun.reflect.DelegatingMethodAccessorImpl.invoke(DelegatingMethodAccessorImpl.java:43)
	at java.lang.reflect.Method.invoke(Method.java:606)
	at org.robolectric.bytecode.ShadowWrangler$ShadowMethodPlan.run(ShadowWrangler.java:456)
	at android.os.AsyncTask.execute(AsyncTask.java)
	at kidozen.client.authentication.IdentityManager.Authenticate(IdentityManager.java:94)
	at IdentityManagerTests.ShouldFailAuthenticateUser(IdentityManagerTests.java:68)
	at sun.reflect.NativeMethodAccessorImpl.invoke0(Native Method)
	at sun.reflect.NativeMethodAccessorImpl.invoke(NativeMethodAccessorImpl.java:57)
	at sun.reflect.DelegatingMethodAccessorImpl.invoke(DelegatingMethodAccessorImpl.java:43)
	at java.lang.reflect.Method.invoke(Method.java:606)
	at org.junit.runners.model.FrameworkMethod$1.runReflectiveCall(FrameworkMethod.java:47)
	at org.junit.internal.runners.model.ReflectiveCallable.run(ReflectiveCallable.java:12)
	at org.junit.runners.model.FrameworkMethod.invokeExplosively(FrameworkMethod.java:44)
	at org.junit.internal.runners.statements.InvokeMethod.evaluate(InvokeMethod.java:17)
	at org.junit.internal.runners.statements.RunBefores.evaluate(RunBefores.java:26)
	at org.robolectric.RobolectricTestRunner$2.evaluate(RobolectricTestRunner.java:234)
	at org.junit.runners.ParentRunner.runLeaf(ParentRunner.java:271)
	at org.junit.runners.BlockJUnit4ClassRunner.runChild(BlockJUnit4ClassRunner.java:70)
	at org.junit.runners.BlockJUnit4ClassRunner.runChild(BlockJUnit4ClassRunner.java:50)
	at org.junit.runners.ParentRunner$3.run(ParentRunner.java:238)
	at org.junit.runners.ParentRunner$1.schedule(ParentRunner.java:63)
	at org.junit.runners.ParentRunner.runChildren(ParentRunner.java:236)
	at org.junit.runners.ParentRunner.access$000(ParentRunner.java:53)
	at org.junit.runners.ParentRunner$2.evaluate(ParentRunner.java:229)
	at org.robolectric.RobolectricTestRunner$1.evaluate(RobolectricTestRunner.java:175)
	at org.junit.runners.ParentRunner.run(ParentRunner.java:309)
	at org.gradle.api.internal.tasks.testing.junit.JUnitTestClassExecuter.runTestClass(JUnitTestClassExecuter.java:86)
	at org.gradle.api.internal.tasks.testing.junit.JUnitTestClassExecuter.execute(JUnitTestClassExecuter.java:49)
	at org.gradle.api.internal.tasks.testing.junit.JUnitTestClassProcessor.processTestClass(JUnitTestClassProcessor.java:69)
	at org.gradle.api.internal.tasks.testing.SuiteTestClassProcessor.processTestClass(SuiteTestClassProcessor.java:50)
	at sun.reflect.NativeMethodAccessorImpl.invoke0(Native Method)
	at sun.reflect.NativeMethodAccessorImpl.invoke(NativeMethodAccessorImpl.java:57)
	at sun.reflect.DelegatingMethodAccessorImpl.invoke(DelegatingMethodAccessorImpl.java:43)
	at java.lang.reflect.Method.invoke(Method.java:606)
	at org.gradle.messaging.dispatch.ReflectionDispatch.dispatch(ReflectionDispatch.java:35)
	at org.gradle.messaging.dispatch.ReflectionDispatch.dispatch(ReflectionDispatch.java:24)
	at org.gradle.messaging.dispatch.ContextClassLoaderDispatch.dispatch(ContextClassLoaderDispatch.java:32)
	at org.gradle.messaging.dispatch.ProxyDispatchAdapter$DispatchingInvocationHandler.invoke(ProxyDispatchAdapter.java:93)
	at com.sun.proxy.$Proxy2.processTestClass(Unknown Source)
	at org.gradle.api.internal.tasks.testing.worker.TestWorker.processTestClass(TestWorker.java:103)
	at sun.reflect.NativeMethodAccessorImpl.invoke0(Native Method)
	at sun.reflect.NativeMethodAccessorImpl.invoke(NativeMethodAccessorImpl.java:57)
	at sun.reflect.DelegatingMethodAccessorImpl.invoke(DelegatingMethodAccessorImpl.java:43)
	at java.lang.reflect.Method.invoke(Method.java:606)
	at org.gradle.messaging.dispatch.ReflectionDispatch.dispatch(ReflectionDispatch.java:35)
	at org.gradle.messaging.dispatch.ReflectionDispatch.dispatch(ReflectionDispatch.java:24)
	at org.gradle.messaging.remote.internal.hub.MessageHub$Handler.run(MessageHub.java:355)
	at org.gradle.internal.concurrent.DefaultExecutorFactory$StoppableExecutorImpl$1.run(DefaultExecutorFactory.java:64)
	at java.util.concurrent.ThreadPoolExecutor.runWorker(ThreadPoolExecutor.java:1145)
	at java.util.concurrent.ThreadPoolExecutor$Worker.run(ThreadPoolExecutor.java:615)
	at java.lang.Thread.run(Thread.java:745)
]]></system-err>
</testsuite>
