<?xml version="1.1" encoding="UTF-8"?>
<testsuite name="DataSourceTest" tests="4" failures="0" errors="0" timestamp="2014-05-08T01:07:16" hostname="Christians-MacBook-Pro.local" time="6.086">
  <properties/>
  <testcase name="ShouldCallOperationInDataSource" classname="DataSourceTest" time="1.494"/>
  <testcase name="ShouldCallOperationInDataSourceWithParams" classname="DataSourceTest" time="1.531"/>
  <testcase name="ShouldCallQueryInDataSource" classname="DataSourceTest" time="1.555"/>
  <testcase name="ShouldCallQueryInDataSourceWithParams" classname="DataSourceTest" time="1.505"/>
  <system-out><![CDATA[]]></system-out>
  <system-err><![CDATA[]]></system-err>
</testsuite>
