<?xml version="1.1" encoding="UTF-8"?>
<testsuite name="EApiIntegrationTest" tests="2" failures="0" errors="0" timestamp="2014-05-08T01:07:22" hostname="Christians-MacBook-Pro.local" time="3.588">
  <properties/>
  <testcase name="InvokeMethodShouldReturnException" classname="EApiIntegrationTest" time="1.898"/>
  <testcase name="ShouldInvokeMethod" classname="EApiIntegrationTest" time="1.69"/>
  <system-out><![CDATA[]]></system-out>
  <system-err><![CDATA[]]></system-err>
</testsuite>
