<?xml version="1.1" encoding="UTF-8"?>
<testsuite name="PubsubIntegrationTest" tests="1" failures="0" errors="0" timestamp="2014-05-08T01:08:50" hostname="Christians-MacBook-Pro.local" time="0.0">
  <properties/>
  <ignored-testcase name="ShouldPublishAndSubscribe" classname="PubsubIntegrationTest" time="0.0"/>
  <system-out><![CDATA[]]></system-out>
  <system-err><![CDATA[]]></system-err>
</testsuite>
